Build started 4/26/2017 12:09:01 AM.
     1>Project "C:\Users\HafizHamza\documents\visual studio 2010\Projects\Reverse Prog\Reverse Prog\Reverse Prog.vcxproj" on node 2 (build target(s)).
     1>InitializeBuildStatus:
         Creating "Debug\Reverse Prog.unsuccessfulbuild" because "AlwaysCreate" was specified.
       ClCompile:
         C:\Program Files (x86)\Microsoft Visual Studio 10.0\VC\bin\CL.exe /c /ZI /nologo /W3 /WX- /Od /Oy- /D _MBCS /Gm /EHsc /RTC1 /MDd /GS /fp:precise /Zc:wchar_t /Zc:forScope /Fo"Debug\\" /Fd"Debug\vc100.pdb" /Gd /TP /analyze- /errorReport:prompt "Reverse prog.cpp"
         Reverse prog.cpp
     1>c:\users\hafizhamza\documents\visual studio 2010\projects\reverse prog\reverse prog\reverse prog.cpp(10): warning C4996: 'strrev': The POSIX name for this item is deprecated. Instead, use the ISO C++ conformant name: _strrev. See online help for details.
                 c:\program files (x86)\microsoft visual studio 10.0\vc\include\string.h(250) : see declaration of 'strrev'
     1>c:\users\hafizhamza\documents\visual studio 2010\projects\reverse prog\reverse prog\reverse prog.cpp(12): warning C4996: 'getch': The POSIX name for this item is deprecated. Instead, use the ISO C++ conformant name: _getch. See online help for details.
                 c:\program files (x86)\microsoft visual studio 10.0\vc\include\conio.h(128) : see declaration of 'getch'
       Link:
         C:\Program Files (x86)\Microsoft Visual Studio 10.0\VC\bin\link.exe /ERRORREPORT:PROMPT /OUT:"C:\Users\HafizHamza\documents\visual studio 2010\Projects\Reverse Prog\Debug\Reverse Prog.exe" /NOLOGO kernel32.lib user32.lib gdi32.lib winspool.lib comdlg32.lib advapi32.lib shell32.lib ole32.lib oleaut32.lib uuid.lib odbc32.lib odbccp32.lib /MANIFEST /ManifestFile:"Debug\Reverse Prog.exe.intermediate.manifest" /MANIFESTUAC:"level='asInvoker' uiAccess='false'" /DEBUG /PDB:"C:\Users\HafizHamza\documents\visual studio 2010\Projects\Reverse Prog\Debug\Reverse Prog.pdb" /TLBID:1 /DYNAMICBASE /NXCOMPAT /IMPLIB:"C:\Users\HafizHamza\documents\visual studio 2010\Projects\Reverse Prog\Debug\Reverse Prog.lib" /MACHINE:X86 "Debug\Reverse prog.obj"
         LINK : C:\Users\HafizHamza\documents\visual studio 2010\Projects\Reverse Prog\Debug\Reverse Prog.exe not found or not built by the last incremental link; performing full link
         Reverse Prog.vcxproj -> C:\Users\HafizHamza\documents\visual studio 2010\Projects\Reverse Prog\Debug\Reverse Prog.exe
       Manifest:
         C:\Program Files (x86)\Microsoft SDKs\Windows\v7.0A\bin\mt.exe /nologo /verbose /outputresource:"C:\Users\HafizHamza\documents\visual studio 2010\Projects\Reverse Prog\Debug\Reverse Prog.exe;#1" /manifest "Debug\Reverse Prog.exe.intermediate.manifest"
       FinalizeBuildStatus:
         Deleting file "Debug\Reverse Prog.unsuccessfulbuild".
         Touching "Debug\Reverse Prog.lastbuildstate".
     1>Done Building Project "C:\Users\HafizHamza\documents\visual studio 2010\Projects\Reverse Prog\Reverse Prog\Reverse Prog.vcxproj" (build target(s)).

Build succeeded.

Time Elapsed 00:00:00.95
