Build started 4/25/2017 11:26:33 PM.
     1>Project "C:\Users\HafizHamza\Documents\Visual Studio 2010\Projects\string\string\string.vcxproj" on node 2 (build target(s)).
     1>InitializeBuildStatus:
         Creating "Debug\string.unsuccessfulbuild" because "AlwaysCreate" was specified.
       ClCompile:
         C:\Program Files (x86)\Microsoft Visual Studio 10.0\VC\bin\CL.exe /c /ZI /nologo /W3 /WX- /Od /Oy- /D _MBCS /Gm /EHsc /RTC1 /MDd /GS /fp:precise /Zc:wchar_t /Zc:forScope /Fo"Debug\\" /Fd"Debug\vc100.pdb" /Gd /TP /analyze- /errorReport:prompt string.cpp
         string.cpp
     1>c:\users\hafizhamza\documents\visual studio 2010\projects\string\string\string.cpp(12): warning C4996: 'strcpy': This function or variable may be unsafe. Consider using strcpy_s instead. To disable deprecation, use _CRT_SECURE_NO_WARNINGS. See online help for details.
                 c:\program files (x86)\microsoft visual studio 10.0\vc\include\string.h(105) : see declaration of 'strcpy'
     1>c:\users\hafizhamza\documents\visual studio 2010\projects\string\string\string.cpp(16): warning C4996: 'getch': The POSIX name for this item is deprecated. Instead, use the ISO C++ conformant name: _getch. See online help for details.
                 c:\program files (x86)\microsoft visual studio 10.0\vc\include\conio.h(128) : see declaration of 'getch'
       Link:
         C:\Program Files (x86)\Microsoft Visual Studio 10.0\VC\bin\link.exe /ERRORREPORT:PROMPT /OUT:"C:\Users\HafizHamza\Documents\Visual Studio 2010\Projects\string\Debug\string.exe" /NOLOGO kernel32.lib user32.lib gdi32.lib winspool.lib comdlg32.lib advapi32.lib shell32.lib ole32.lib oleaut32.lib uuid.lib odbc32.lib odbccp32.lib /MANIFEST /ManifestFile:"Debug\string.exe.intermediate.manifest" /MANIFESTUAC:"level='asInvoker' uiAccess='false'" /DEBUG /PDB:"C:\Users\HafizHamza\Documents\Visual Studio 2010\Projects\string\Debug\string.pdb" /TLBID:1 /DYNAMICBASE /NXCOMPAT /IMPLIB:"C:\Users\HafizHamza\Documents\Visual Studio 2010\Projects\string\Debug\string.lib" /MACHINE:X86 Debug\string.obj
         LINK : C:\Users\HafizHamza\Documents\Visual Studio 2010\Projects\string\Debug\string.exe not found or not built by the last incremental link; performing full link
         string.vcxproj -> C:\Users\HafizHamza\Documents\Visual Studio 2010\Projects\string\Debug\string.exe
       Manifest:
         C:\Program Files (x86)\Microsoft SDKs\Windows\v7.0A\bin\mt.exe /nologo /verbose /outputresource:"C:\Users\HafizHamza\Documents\Visual Studio 2010\Projects\string\Debug\string.exe;#1" /manifest Debug\string.exe.intermediate.manifest
       FinalizeBuildStatus:
         Deleting file "Debug\string.unsuccessfulbuild".
         Touching "Debug\string.lastbuildstate".
     1>Done Building Project "C:\Users\HafizHamza\Documents\Visual Studio 2010\Projects\string\string\string.vcxproj" (build target(s)).

Build succeeded.

Time Elapsed 00:00:00.79
